Using pre-set license
Built from '2020.3/staging' branch; Version is '2020.3.24f1 (79c78de19888) revision 7980941'; Using compiler version '192528614'; Build Type 'Release'
OS: 'Windows 10  (10.0.19043) 64bit Professional' Language: 'en' Physical Memory: 3471 MB
BatchMode: 1, IsHumanControllingUs: 0, StartBugReporterOnCrash: 0, Is64bit: 1, IsPro: 0

COMMAND LINE ARGUMENTS:
C:\Users\S145\Documents\2020.3.24f1\Editor\Unity.exe
-adb2
-batchMode
-noUpm
-name
AssetImportWorker2
-projectPath
D:/DOCUMENT HILMAN/MATKUL/Pemrograman Game/HilmanProject
-logFile
Logs/AssetImportWorker2.log
-srvPort
49680
Successfully changed project path to: D:/DOCUMENT HILMAN/MATKUL/Pemrograman Game/HilmanProject
D:/DOCUMENT HILMAN/MATKUL/Pemrograman Game/HilmanProject
Using Asset Import Pipeline V2.
Refreshing native plugins compatible for Editor in 281.52 ms, found 3 plugins.
Preloading 0 native plugins for Editor in 0.00 ms.
Initialize engine version: 2020.3.24f1 (79c78de19888)
[Subsystems] Discovering subsystems at path C:/Users/S145/Documents/2020.3.24f1/Editor/Data/Resources/UnitySubsystems
[Subsystems] Discovering subsystems at path D:/DOCUMENT HILMAN/MATKUL/Pemrograman Game/HilmanProject/Assets
GfxDevice: creating device client; threaded=0
Direct3D:
    Version:  Direct3D 11.0 [level 11.1]
    Renderer: AMD Radeon(TM) 530 (ID=0x6900)
    Vendor:   
    VRAM:     2039 MB
    Driver:   27.20.1032.2
Initialize mono
Mono path[0] = 'C:/Users/S145/Documents/2020.3.24f1/Editor/Data/Managed'
Mono path[1] = 'C:/Users/S145/Documents/2020.3.24f1/Editor/Data/MonoBleedingEdge/lib/mono/unityjit'
Mono config path = 'C:/Users/S145/Documents/2020.3.24f1/Editor/Data/MonoBleedingEdge/etc'
Using monoOptions --debugger-agent=transport=dt_socket,embedding=1,server=y,suspend=n,address=127.0.0.1:56436
Begin MonoManager ReloadAssembly
Registering precompiled unity dll's ...
Register platform support module: C:/Users/S145/Documents/2020.3.24f1/Editor/Data/PlaybackEngines/WebGLSupport/UnityEditor.WebGL.Extensions.dll
Register platform support module: C:/Users/S145/Documents/2020.3.24f1/Editor/Data/PlaybackEngines/WindowsStandaloneSupport/UnityEditor.WindowsStandalone.Extensions.dll
Registered in 0.039075 seconds.
Native extension for WindowsStandalone target not found
Native extension for WebGL target not found
Refreshing native plugins compatible for Editor in 154.03 ms, found 3 plugins.
Preloading 0 native plugins for Editor in 0.00 ms.
Mono: successfully reloaded assembly
- Completed reload, in  2.875 seconds
Domain Reload Profiling:
	ReloadAssembly (2875ms)
		BeginReloadAssembly (255ms)
			ExecutionOrderSort (0ms)
			DisableScriptedObjects (0ms)
			BackupInstance (0ms)
			ReleaseScriptingObjects (0ms)
			CreateAndSetChildDomain (3ms)
		EndReloadAssembly (2164ms)
			LoadAssemblies (247ms)
			RebuildTransferFunctionScriptingTraits (2ms)
			SetupTypeCache (1010ms)
			ReleaseScriptCaches (0ms)
			RebuildScriptCaches (131ms)
			SetupLoadedEditorAssemblies (600ms)
				LogAssemblyErrors (0ms)
				InitializePlatformSupportModulesInManaged (19ms)
				SetLoadedEditorAssemblies (1ms)
				RefreshPlugins (154ms)
				BeforeProcessingInitializeOnLoad (30ms)
				ProcessInitializeOnLoadAttributes (289ms)
				ProcessInitializeOnLoadMethodAttributes (107ms)
				AfterProcessingInitializeOnLoad (0ms)
				EditorAssembliesLoaded (1ms)
			ExecutionOrderSort2 (0ms)
			AwakeInstancesAfterBackupRestoration (0ms)
Platform modules already initialized, skipping
Registering precompiled user dll's ...
Registered in 0.012419 seconds.
Begin MonoManager ReloadAssembly
Native extension for WindowsStandalone target not found
Native extension for WebGL target not found
Refreshing native plugins compatible for Editor in 187.82 ms, found 3 plugins.
Preloading 0 native plugins for Editor in 0.00 ms.
Mono: successfully reloaded assembly
- Completed reload, in  5.452 seconds
Domain Reload Profiling:
	ReloadAssembly (5457ms)
		BeginReloadAssembly (691ms)
			ExecutionOrderSort (0ms)
			DisableScriptedObjects (56ms)
			BackupInstance (0ms)
			ReleaseScriptingObjects (0ms)
			CreateAndSetChildDomain (91ms)
		EndReloadAssembly (4413ms)
			LoadAssemblies (451ms)
			RebuildTransferFunctionScriptingTraits (0ms)
			SetupTypeCache (1528ms)
			ReleaseScriptCaches (1ms)
			RebuildScriptCaches (267ms)
			SetupLoadedEditorAssemblies (1739ms)
				LogAssemblyErrors (0ms)
				InitializePlatformSupportModulesInManaged (16ms)
				SetLoadedEditorAssemblies (1ms)
				RefreshPlugins (188ms)
				BeforeProcessingInitializeOnLoad (393ms)
				ProcessInitializeOnLoadAttributes (1016ms)
				ProcessInitializeOnLoadMethodAttributes (82ms)
				AfterProcessingInitializeOnLoad (43ms)
				EditorAssembliesLoaded (1ms)
			ExecutionOrderSort2 (0ms)
			AwakeInstancesAfterBackupRestoration (35ms)
Platform modules already initialized, skipping
========================================================================
Worker process is ready to serve import requests
Launched and connected shader compiler UnityShaderCompiler.exe after 0.30 seconds
Refreshing native plugins compatible for Editor in 1.41 ms, found 3 plugins.
Preloading 0 native plugins for Editor in 0.00 ms.
Unloading 2203 Unused Serialized files (Serialized files now loaded: 0)
System memory in use before: 96.1 MB.
System memory in use after: 96.2 MB.

Unloading 28 unused Assets to reduce memory usage. Loaded Objects now: 2637.
Total: 10.293100 ms (FindLiveObjects: 0.746300 ms CreateObjectMapping: 0.393100 ms MarkObjects: 8.899000 ms  DeleteObjects: 0.251200 ms)

AssetImportParameters requested are different than current active one (requested -> active):
  custom:framework-win-MediaFoundation: 216162199b28c13a410421893ffa2e32 -> 
  custom:video-decoder-ogg-theora: a1e56fd34408186e4bbccfd4996cb3dc -> 
  custom:container-muxer-webm: aa71ff27fc2769a1b78a27578f13a17b -> 
  custom:container-demuxer-webm: 4f35f7cbe854078d1ac9338744f61a02 -> 
  custom:container-demuxer-ogg: 62fdf1f143b41e24485cea50d1cbac27 -> 
  custom:video-encoder-webm-vp8: eb34c28f22e8b96e1ab97ce403110664 -> 
  custom:video-decoder-webm-vp8: 9c59270c3fd7afecdb556c50c9e8de78 -> 
  custom:audio-decoder-ogg-vorbis: bf7c407c2cedff20999df2af8eb42d56 -> 
  custom:audio-encoder-webm-vorbis: bf7c407c2cedff20999df2af8eb42d56 -> 
========================================================================
Received Import Request.
  path: Assets/Audio
  artifactKey: Guid(391e6c8f460fc9a489da8830a326df8c) Importer(815301076,1909f56bfc062723c751e8b465ee728b)
Start importing Assets/Audio using Guid(391e6c8f460fc9a489da8830a326df8c) Importer(815301076,1909f56bfc062723c751e8b465ee728b)  -> (artifact id: 'a2c7cc9aad951da2c87239fd6b425a81') in 0.031326 seconds 
  Import took 0.042208 seconds .

========================================================================
Received Import Request.
  Time since last request: 153.105495 seconds.
  path: Assets/Audio/y2mate (mp3cut.net).mp3
  artifactKey: Guid(251aae48b7846ba489592a1fa11e7959) Importer(815301076,1909f56bfc062723c751e8b465ee728b)
Start importing Assets/Audio/y2mate (mp3cut.net).mp3 using Guid(251aae48b7846ba489592a1fa11e7959) Importer(815301076,1909f56bfc062723c751e8b465ee728b)  -> (artifact id: '7a1d6750b415c27ee62ebca5f2b42a2f') in 0.329188 seconds 
  Import took 0.338354 seconds .

========================================================================
Received Import Request.
  Time since last request: 120.419531 seconds.
  path: Assets/Scenes
  artifactKey: Guid(4e74a16f2d4044df4b8a400c54729cfd) Importer(815301076,1909f56bfc062723c751e8b465ee728b)
Start importing Assets/Scenes using Guid(4e74a16f2d4044df4b8a400c54729cfd) Importer(815301076,1909f56bfc062723c751e8b465ee728b)  -> (artifact id: '50afb0597fe6f58578076be5a3243476') in 0.265542 seconds 
  Import took 0.288589 seconds .

========================================================================
Received Prepare
Registering precompiled user dll's ...
Registered in 0.460958 seconds.
Begin MonoManager ReloadAssembly
Native extension for WindowsStandalone target not found
Native extension for WebGL target not found
Refreshing native plugins compatible for Editor in 1.03 ms, found 3 plugins.
Preloading 0 native plugins for Editor in 0.00 ms.
Mono: successfully reloaded assembly
- Completed reload, in 11.016 seconds
Domain Reload Profiling:
	ReloadAssembly (11017ms)
		BeginReloadAssembly (309ms)
			ExecutionOrderSort (0ms)
			DisableScriptedObjects (17ms)
			BackupInstance (0ms)
			ReleaseScriptingObjects (0ms)
			CreateAndSetChildDomain (85ms)
		EndReloadAssembly (10545ms)
			LoadAssemblies (268ms)
			RebuildTransferFunctionScriptingTraits (0ms)
			SetupTypeCache (862ms)
			ReleaseScriptCaches (2ms)
			RebuildScriptCaches (85ms)
			SetupLoadedEditorAssemblies (8926ms)
				LogAssemblyErrors (0ms)
				InitializePlatformSupportModulesInManaged (10ms)
				SetLoadedEditorAssemblies (2ms)
				RefreshPlugins (1ms)
				BeforeProcessingInitializeOnLoad (121ms)
				ProcessInitializeOnLoadAttributes (8658ms)
				ProcessInitializeOnLoadMethodAttributes (34ms)
				AfterProcessingInitializeOnLoad (98ms)
				EditorAssembliesLoaded (0ms)
			ExecutionOrderSort2 (0ms)
			AwakeInstancesAfterBackupRestoration (137ms)
Platform modules already initialized, skipping
Refreshing native plugins compatible for Editor in 1.03 ms, found 3 plugins.
Preloading 0 native plugins for Editor in 0.00 ms.
Unloading 2192 Unused Serialized files (Serialized files now loaded: 0)
System memory in use before: 98.5 MB.
System memory in use after: 98.6 MB.

Unloading 17 unused Assets to reduce memory usage. Loaded Objects now: 2648.
Total: 6.249800 ms (FindLiveObjects: 0.546900 ms CreateObjectMapping: 0.221600 ms MarkObjects: 5.406500 ms  DeleteObjects: 0.071400 ms)

AssetImportParameters requested are different than current active one (requested -> active):
  custom:framework-win-MediaFoundation: 216162199b28c13a410421893ffa2e32 -> 
  custom:video-decoder-ogg-theora: a1e56fd34408186e4bbccfd4996cb3dc -> 
  custom:container-muxer-webm: aa71ff27fc2769a1b78a27578f13a17b -> 
  custom:container-demuxer-webm: 4f35f7cbe854078d1ac9338744f61a02 -> 
  custom:container-demuxer-ogg: 62fdf1f143b41e24485cea50d1cbac27 -> 
  custom:video-encoder-webm-vp8: eb34c28f22e8b96e1ab97ce403110664 -> 
  custom:video-decoder-webm-vp8: 9c59270c3fd7afecdb556c50c9e8de78 -> 
  custom:audio-decoder-ogg-vorbis: bf7c407c2cedff20999df2af8eb42d56 -> 
  custom:audio-encoder-webm-vorbis: bf7c407c2cedff20999df2af8eb42d56 -> 
========================================================================
Received Import Request.
  Time since last request: 57.345154 seconds.
  path: Assets/Scenes/Menu.unity
  artifactKey: Guid(aedf22bcca8ffde45a1cc1bcef2db8d9) Importer(815301076,1909f56bfc062723c751e8b465ee728b)
Start importing Assets/Scenes/Menu.unity using Guid(aedf22bcca8ffde45a1cc1bcef2db8d9) Importer(815301076,1909f56bfc062723c751e8b465ee728b)  -> (artifact id: '544b5209a1fd1b80f9f0da32c60fd839') in 0.679508 seconds 
  Import took 0.690026 seconds .

========================================================================
Received Import Request.
  Time since last request: 63.684965 seconds.
  path: Assets/Scenes/HilmanScene.unity
  artifactKey: Guid(2cda990e2423bbf4892e6590ba056729) Importer(815301076,1909f56bfc062723c751e8b465ee728b)
Start importing Assets/Scenes/HilmanScene.unity using Guid(2cda990e2423bbf4892e6590ba056729) Importer(815301076,1909f56bfc062723c751e8b465ee728b)  -> (artifact id: '668edfa5112d2dc4073a3fa82ea27dac') in 0.050727 seconds 
  Import took 0.063922 seconds .

========================================================================
Received Import Request.
  Time since last request: 54.289943 seconds.
  path: Assets/Cover
  artifactKey: Guid(1677471fb3c1f4d4c93da8f05f676b8c) Importer(815301076,1909f56bfc062723c751e8b465ee728b)
Start importing Assets/Cover using Guid(1677471fb3c1f4d4c93da8f05f676b8c) Importer(815301076,1909f56bfc062723c751e8b465ee728b)  -> (artifact id: 'bdb290fd5b1e9bfd6f93cf899d2dc398') in 0.057422 seconds 
  Import took 0.083448 seconds .

========================================================================
Received Import Request.
  Time since last request: 20.180628 seconds.
  path: Assets/Cover/717747.jpg
  artifactKey: Guid(6afa17979c3771344a1230e493c0b73d) Importer(815301076,1909f56bfc062723c751e8b465ee728b)
Start importing Assets/Cover/717747.jpg using Guid(6afa17979c3771344a1230e493c0b73d) Importer(815301076,1909f56bfc062723c751e8b465ee728b)  -> (artifact id: 'b7b8a837f2ce552bba7fea9131133a9b') in 0.254868 seconds 
  Import took 0.265753 seconds .

AssetImportWorkerClient::OnTransportError - code=2 error=End of file
